2024-07-19 12:47:10.169 +04:00  INF  User profile is available. Using 'C:\Users\ASUS\AppData\Local\ASP.NET\DataProtection-Keys' as key repository and Windows DPAPI to encrypt keys at rest.
2024-07-19 12:47:10.991 +04:00  INF  Now listening on: https://localhost:7136
2024-07-19 12:47:10.991 +04:00  INF  Now listening on: http://localhost:5116
2024-07-19 12:47:10.996 +04:00  INF  Application started. Press Ctrl+C to shut down.
2024-07-19 12:47:10.996 +04:00  INF  Hosting environment: Development
2024-07-19 12:47:10.996 +04:00  INF  Content root path: C:\Users\ASUS\OneDrive\Рабочий стол\API\LibraryApp\LibraryApp\
2024-07-19 12:47:11.939 +04:00  INF  Request starting HTTP/2 GET https://localhost:7136/swagger - -
2024-07-19 12:47:12.274 +04:00  INF  Request finished HTTP/2 GET https://localhost:7136/swagger - - - 301 0 - 340.3530ms
2024-07-19 12:47:12.279 +04:00  INF  Request starting HTTP/2 GET https://localhost:7136/swagger/index.html - -
2024-07-19 12:47:12.370 +04:00  INF  Request finished HTTP/2 GET https://localhost:7136/swagger/index.html - - - 200 - text/html;charset=utf-8 91.1470ms
2024-07-19 12:47:12.382 +04:00  INF  Request starting HTTP/2 GET https://localhost:7136/swagger/swagger-ui-bundle.js - -
2024-07-19 12:47:12.382 +04:00  INF  Request starting HTTP/2 GET https://localhost:7136/swagger/swagger-ui-standalone-preset.js - -
2024-07-19 12:47:12.382 +04:00  INF  Request starting HTTP/2 GET https://localhost:7136/_framework/aspnetcore-browser-refresh.js - -
2024-07-19 12:47:12.382 +04:00  INF  Request starting HTTP/2 GET https://localhost:7136/swagger/swagger-ui.css - -
2024-07-19 12:47:12.384 +04:00  INF  Request finished HTTP/2 GET https://localhost:7136/_framework/aspnetcore-browser-refresh.js - - - 200 11990 application/javascript;+charset=utf-8 2.4309ms
2024-07-19 12:47:12.398 +04:00  INF  Sending file. Request path: '/swagger-ui.css'. Physical path: 'N/A'
2024-07-19 12:47:12.398 +04:00  INF  Sending file. Request path: '/swagger-ui-standalone-preset.js'. Physical path: 'N/A'
2024-07-19 12:47:12.398 +04:00  INF  Request finished HTTP/2 GET https://localhost:7136/swagger/swagger-ui-standalone-preset.js - - - 200 312163 application/javascript 16.4284ms
2024-07-19 12:47:12.398 +04:00  INF  Request finished HTTP/2 GET https://localhost:7136/swagger/swagger-ui.css - - - 200 144929 text/css 16.5913ms
2024-07-19 12:47:12.404 +04:00  INF  Sending file. Request path: '/swagger-ui-bundle.js'. Physical path: 'N/A'
2024-07-19 12:47:12.404 +04:00  INF  Request finished HTTP/2 GET https://localhost:7136/swagger/swagger-ui-bundle.js - - - 200 1061536 application/javascript 22.5548ms
2024-07-19 12:47:12.508 +04:00  INF  Request starting HTTP/2 GET https://localhost:7136/_vs/browserLink - -
2024-07-19 12:47:12.560 +04:00  INF  Request finished HTTP/2 GET https://localhost:7136/_vs/browserLink - - - 200 - text/javascript;+charset=UTF-8 51.2808ms
2024-07-19 12:47:12.704 +04:00  INF  Request starting HTTP/2 GET https://localhost:7136/swagger/favicon-32x32.png - -
2024-07-19 12:47:12.705 +04:00  INF  Sending file. Request path: '/favicon-32x32.png'. Physical path: 'N/A'
2024-07-19 12:47:12.705 +04:00  INF  Request finished HTTP/2 GET https://localhost:7136/swagger/favicon-32x32.png - - - 200 628 image/png 0.7659ms
2024-07-19 12:47:12.758 +04:00  INF  Request starting HTTP/2 GET https://localhost:7136/swagger/v1/swagger.json - -
2024-07-19 12:47:12.870 +04:00  INF  Request finished HTTP/2 GET https://localhost:7136/swagger/v1/swagger.json - - - 200 - application/json;charset=utf-8 111.9164ms
2024-07-19 12:47:42.472 +04:00  INF  User profile is available. Using 'C:\Users\ASUS\AppData\Local\ASP.NET\DataProtection-Keys' as key repository and Windows DPAPI to encrypt keys at rest.
2024-07-19 12:47:42.646 +04:00  INF  Now listening on: https://localhost:7136
2024-07-19 12:47:42.647 +04:00  INF  Now listening on: http://localhost:5116
2024-07-19 12:47:42.649 +04:00  INF  Application started. Press Ctrl+C to shut down.
2024-07-19 12:47:42.649 +04:00  INF  Hosting environment: Development
2024-07-19 12:47:42.649 +04:00  INF  Content root path: C:\Users\ASUS\OneDrive\Рабочий стол\API\LibraryApp\LibraryApp\
2024-07-19 12:47:43.060 +04:00  INF  Request starting HTTP/2 GET https://localhost:7136/swagger/index.html - -
2024-07-19 12:47:43.289 +04:00  INF  Request finished HTTP/2 GET https://localhost:7136/swagger/index.html - - - 200 - text/html;charset=utf-8 233.2427ms
2024-07-19 12:47:43.299 +04:00  INF  Request starting HTTP/2 GET https://localhost:7136/_framework/aspnetcore-browser-refresh.js - -
2024-07-19 12:47:43.299 +04:00  INF  Request starting HTTP/2 GET https://localhost:7136/_vs/browserLink - -
2024-07-19 12:47:43.302 +04:00  INF  Request finished HTTP/2 GET https://localhost:7136/_framework/aspnetcore-browser-refresh.js - - - 200 11990 application/javascript;+charset=utf-8 2.9913ms
2024-07-19 12:47:43.335 +04:00  INF  Request finished HTTP/2 GET https://localhost:7136/_vs/browserLink - - - 200 - text/javascript;+charset=UTF-8 36.4443ms
2024-07-19 12:47:43.455 +04:00  INF  Request starting HTTP/2 GET https://localhost:7136/swagger/v1/swagger.json - -
2024-07-19 12:47:43.556 +04:00  INF  Request finished HTTP/2 GET https://localhost:7136/swagger/v1/swagger.json - - - 200 - application/json;charset=utf-8 101.1131ms
2024-07-19 12:47:50.324 +04:00  INF  Request starting HTTP/2 GET https://localhost:7136/api/admin/Author/GetAll - -
2024-07-19 12:47:50.366 +04:00  INF  Executing endpoint 'LibraryApp.Controllers.Admin.AuthorController.GetAll (LibraryApp)'
2024-07-19 12:47:50.386 +04:00  INF  Route matched with {action = "GetAll", controller = "Author"}. Executing controller action with signature System.Threading.Tasks.Task`1[Microsoft.AspNetCore.Mvc.IActionResult] GetAll() on controller LibraryApp.Controllers.Admin.AuthorController (LibraryApp).
2024-07-19 12:47:51.949 +04:00  INF  Entity Framework Core 6.0.31 initialized 'AppDbContext' using provider 'Microsoft.EntityFrameworkCore.SqlServer:6.0.31' with options: None
2024-07-19 12:47:53.089 +04:00  INF  Executed DbCommand (45ms) [Parameters=[], CommandType='"Text"', CommandTimeout='30']
SELECT [a].[Id], [a].[Address], [a].[Age], [a].[CreatedDate], [a].[Email], [a].[FullName], [a].[SoftDelete]
FROM [Authors] AS [a]
2024-07-19 12:47:53.154 +04:00  INF  Executing OkObjectResult, writing value of type 'System.Collections.Generic.List`1[[Service.DTOs.Admin.Authors.AuthorDto, Service, Version=1.0.0.0, Culture=neutral, PublicKeyToken=null]]'.
2024-07-19 12:47:53.167 +04:00  INF  Executed action LibraryApp.Controllers.Admin.AuthorController.GetAll (LibraryApp) in 2774.5719ms
2024-07-19 12:47:53.167 +04:00  INF  Executed endpoint 'LibraryApp.Controllers.Admin.AuthorController.GetAll (LibraryApp)'
2024-07-19 12:47:53.174 +04:00  INF  Request finished HTTP/2 GET https://localhost:7136/api/admin/Author/GetAll - - - 200 - application/json;+charset=utf-8 2849.3019ms
2024-07-19 12:48:41.812 +04:00  INF  Request starting HTTP/2 GET https://localhost:7136/api/admin/Book/GetAll - -
2024-07-19 12:48:41.815 +04:00  INF  Executing endpoint 'LibraryApp.Controllers.Admin.BookController.GetAll (LibraryApp)'
2024-07-19 12:48:41.819 +04:00  INF  Route matched with {action = "GetAll", controller = "Book"}. Executing controller action with signature System.Threading.Tasks.Task`1[Microsoft.AspNetCore.Mvc.IActionResult] GetAll() on controller LibraryApp.Controllers.Admin.BookController (LibraryApp).
2024-07-19 12:48:41.870 +04:00  INF  Entity Framework Core 6.0.31 initialized 'AppDbContext' using provider 'Microsoft.EntityFrameworkCore.SqlServer:6.0.31' with options: None
2024-07-19 12:48:42.150 +04:00  INF  Executed DbCommand (87ms) [Parameters=[], CommandType='"Text"', CommandTimeout='30']
SELECT [b].[Id], [b].[CreatedDate], [b].[Description], [b].[Name], [b].[PageCount], [b].[SoftDelete], [t].[Id], [t].[AuthorId], [t].[BookId], [t].[CreatedDate], [t].[SoftDelete], [t].[Id0], [t].[Address], [t].[Age], [t].[CreatedDate0], [t].[Email], [t].[FullName], [t].[SoftDelete0]
FROM [Books] AS [b]
LEFT JOIN (
    SELECT [b0].[Id], [b0].[AuthorId], [b0].[BookId], [b0].[CreatedDate], [b0].[SoftDelete], [a].[Id] AS [Id0], [a].[Address], [a].[Age], [a].[CreatedDate] AS [CreatedDate0], [a].[Email], [a].[FullName], [a].[SoftDelete] AS [SoftDelete0]
    FROM [BookAuthors] AS [b0]
    INNER JOIN [Authors] AS [a] ON [b0].[AuthorId] = [a].[Id]
) AS [t] ON [b].[Id] = [t].[BookId]
ORDER BY [b].[Id], [t].[Id]
2024-07-19 12:48:42.334 +04:00  INF  Executing OkObjectResult, writing value of type 'System.Collections.Generic.List`1[[Service.DTOs.Admin.Books.BookDto, Service, Version=1.0.0.0, Culture=neutral, PublicKeyToken=null]]'.
2024-07-19 12:48:42.336 +04:00  INF  Executed action LibraryApp.Controllers.Admin.BookController.GetAll (LibraryApp) in 516.7923ms
2024-07-19 12:48:42.336 +04:00  INF  Executed endpoint 'LibraryApp.Controllers.Admin.BookController.GetAll (LibraryApp)'
2024-07-19 12:48:42.336 +04:00  INF  Request finished HTTP/2 GET https://localhost:7136/api/admin/Book/GetAll - - - 200 - application/json;+charset=utf-8 524.2235ms
