2024-08-04 11:38:07.855 +04:00  INF  User profile is available. Using 'C:\Users\ASUS\AppData\Local\ASP.NET\DataProtection-Keys' as key repository and Windows DPAPI to encrypt keys at rest.
2024-08-04 11:38:08.104 +04:00  INF  Now listening on: https://localhost:7136
2024-08-04 11:38:08.104 +04:00  INF  Now listening on: http://localhost:5116
2024-08-04 11:38:08.107 +04:00  INF  Application started. Press Ctrl+C to shut down.
2024-08-04 11:38:08.107 +04:00  INF  Hosting environment: Development
2024-08-04 11:38:08.107 +04:00  INF  Content root path: C:\Users\ASUS\OneDrive\Рабочий стол\API\LibraryApp\LibraryApp\
2024-08-04 11:38:08.553 +04:00  INF  Request starting HTTP/2 GET https://localhost:7136/swagger - -
2024-08-04 11:38:08.750 +04:00  INF  Request finished HTTP/2 GET https://localhost:7136/swagger - - - 301 0 - 201.2588ms
2024-08-04 11:38:08.756 +04:00  INF  Request starting HTTP/2 GET https://localhost:7136/swagger/index.html - -
2024-08-04 11:38:08.828 +04:00  INF  Request finished HTTP/2 GET https://localhost:7136/swagger/index.html - - - 200 - text/html;charset=utf-8 72.1518ms
2024-08-04 11:38:08.845 +04:00  INF  Request starting HTTP/2 GET https://localhost:7136/swagger/swagger-ui.css - -
2024-08-04 11:38:08.846 +04:00  INF  Request starting HTTP/2 GET https://localhost:7136/swagger/swagger-ui-bundle.js - -
2024-08-04 11:38:08.846 +04:00  INF  Request starting HTTP/2 GET https://localhost:7136/_framework/aspnetcore-browser-refresh.js - -
2024-08-04 11:38:08.846 +04:00  INF  Request starting HTTP/2 GET https://localhost:7136/swagger/swagger-ui-standalone-preset.js - -
2024-08-04 11:38:08.848 +04:00  INF  Request finished HTTP/2 GET https://localhost:7136/_framework/aspnetcore-browser-refresh.js - - - 200 11990 application/javascript;+charset=utf-8 2.1818ms
2024-08-04 11:38:08.862 +04:00  INF  Sending file. Request path: '/swagger-ui.css'. Physical path: 'N/A'
2024-08-04 11:38:08.865 +04:00  INF  Request finished HTTP/2 GET https://localhost:7136/swagger/swagger-ui.css - - - 200 144929 text/css 20.0262ms
2024-08-04 11:38:08.866 +04:00  INF  Sending file. Request path: '/swagger-ui-standalone-preset.js'. Physical path: 'N/A'
2024-08-04 11:38:08.868 +04:00  INF  Request finished HTTP/2 GET https://localhost:7136/swagger/swagger-ui-standalone-preset.js - - - 200 312163 application/javascript 22.0050ms
2024-08-04 11:38:08.876 +04:00  INF  Sending file. Request path: '/swagger-ui-bundle.js'. Physical path: 'N/A'
2024-08-04 11:38:08.877 +04:00  INF  Request finished HTTP/2 GET https://localhost:7136/swagger/swagger-ui-bundle.js - - - 200 1061536 application/javascript 30.9846ms
2024-08-04 11:38:08.964 +04:00  INF  Request starting HTTP/2 GET https://localhost:7136/_vs/browserLink - -
2024-08-04 11:38:09.010 +04:00  INF  Request finished HTTP/2 GET https://localhost:7136/_vs/browserLink - - - 200 - text/javascript;+charset=UTF-8 46.4965ms
2024-08-04 11:38:09.151 +04:00  INF  Request starting HTTP/2 GET https://localhost:7136/swagger/favicon-32x32.png - -
2024-08-04 11:38:09.151 +04:00  INF  Sending file. Request path: '/favicon-32x32.png'. Physical path: 'N/A'
2024-08-04 11:38:09.151 +04:00  INF  Request finished HTTP/2 GET https://localhost:7136/swagger/favicon-32x32.png - - - 200 628 image/png 0.6366ms
2024-08-04 11:38:09.195 +04:00  INF  Request starting HTTP/2 GET https://localhost:7136/swagger/v1/swagger.json - -
2024-08-04 11:38:09.365 +04:00  INF  Request finished HTTP/2 GET https://localhost:7136/swagger/v1/swagger.json - - - 200 - application/json;charset=utf-8 169.8956ms
2024-08-04 11:51:18.441 +04:00  INF  User profile is available. Using 'C:\Users\ASUS\AppData\Local\ASP.NET\DataProtection-Keys' as key repository and Windows DPAPI to encrypt keys at rest.
2024-08-04 11:51:18.614 +04:00  INF  Now listening on: https://localhost:7136
2024-08-04 11:51:18.614 +04:00  INF  Now listening on: http://localhost:5116
2024-08-04 11:51:18.617 +04:00  INF  Application started. Press Ctrl+C to shut down.
2024-08-04 11:51:18.618 +04:00  INF  Hosting environment: Development
2024-08-04 11:51:18.618 +04:00  INF  Content root path: C:\Users\ASUS\OneDrive\Рабочий стол\API\LibraryApp\LibraryApp\
2024-08-04 11:51:19.325 +04:00  INF  Request starting HTTP/2 GET https://localhost:7136/swagger/index.html - -
2024-08-04 11:51:19.584 +04:00  INF  Request finished HTTP/2 GET https://localhost:7136/swagger/index.html - - - 200 - text/html;charset=utf-8 263.1705ms
2024-08-04 11:51:19.603 +04:00  INF  Request starting HTTP/2 GET https://localhost:7136/_framework/aspnetcore-browser-refresh.js - -
2024-08-04 11:51:19.605 +04:00  INF  Request finished HTTP/2 GET https://localhost:7136/_framework/aspnetcore-browser-refresh.js - - - 200 11990 application/javascript;+charset=utf-8 2.4431ms
2024-08-04 11:51:19.729 +04:00  INF  Request starting HTTP/2 GET https://localhost:7136/_vs/browserLink - -
2024-08-04 11:51:19.768 +04:00  INF  Request finished HTTP/2 GET https://localhost:7136/_vs/browserLink - - - 200 - text/javascript;+charset=UTF-8 38.9699ms
2024-08-04 11:51:19.992 +04:00  INF  Request starting HTTP/2 GET https://localhost:7136/swagger/v1/swagger.json - -
2024-08-04 11:51:20.097 +04:00  INF  Request finished HTTP/2 GET https://localhost:7136/swagger/v1/swagger.json - - - 200 - application/json;charset=utf-8 105.4664ms
2024-08-04 11:51:25.730 +04:00  INF  Request starting HTTP/2 GET https://localhost:7136/api/Account/GetUsers - -
2024-08-04 11:51:25.844 +04:00  INF  Executing endpoint 'LibraryApp.Controllers.Ui.AccountController.GetUsers (LibraryApp)'
2024-08-04 11:51:25.864 +04:00  INF  Route matched with {action = "GetUsers", controller = "Account"}. Executing controller action with signature System.Threading.Tasks.Task`1[Microsoft.AspNetCore.Mvc.IActionResult] GetUsers() on controller LibraryApp.Controllers.Ui.AccountController (LibraryApp).
2024-08-04 11:51:27.330 +04:00  INF  Entity Framework Core 6.0.31 initialized 'AppDbContext' using provider 'Microsoft.EntityFrameworkCore.SqlServer:6.0.31' with options: None
2024-08-04 11:51:28.085 +04:00  INF  Executed DbCommand (49ms) [Parameters=[], CommandType='"Text"', CommandTimeout='30']
SELECT [a].[Id], [a].[AccessFailedCount], [a].[ConcurrencyStamp], [a].[Email], [a].[EmailConfirmed], [a].[FullName], [a].[LockoutEnabled], [a].[LockoutEnd], [a].[NormalizedEmail], [a].[NormalizedUserName], [a].[PasswordHash], [a].[PhoneNumber], [a].[PhoneNumberConfirmed], [a].[SecurityStamp], [a].[TwoFactorEnabled], [a].[UserName]
FROM [AspNetUsers] AS [a]
2024-08-04 11:51:28.221 +04:00  INF  Executing OkObjectResult, writing value of type 'System.Collections.Generic.List`1[[Service.DTOs.Account.UserDto, Service, Version=1.0.0.0, Culture=neutral, PublicKeyToken=null]]'.
2024-08-04 11:51:28.233 +04:00  INF  Executed action LibraryApp.Controllers.Ui.AccountController.GetUsers (LibraryApp) in 2361.7783ms
2024-08-04 11:51:28.233 +04:00  INF  Executed endpoint 'LibraryApp.Controllers.Ui.AccountController.GetUsers (LibraryApp)'
2024-08-04 11:51:28.239 +04:00  INF  Request finished HTTP/2 GET https://localhost:7136/api/Account/GetUsers - - - 200 - application/json;+charset=utf-8 2508.9263ms
2024-08-04 11:52:01.365 +04:00  INF  Request starting HTTP/2 GET https://localhost:7136/api/Account/GetRoles - -
2024-08-04 11:52:01.367 +04:00  INF  Executing endpoint 'LibraryApp.Controllers.Ui.AccountController.GetRoles (LibraryApp)'
2024-08-04 11:52:01.370 +04:00  INF  Route matched with {action = "GetRoles", controller = "Account"}. Executing controller action with signature System.Threading.Tasks.Task`1[Microsoft.AspNetCore.Mvc.IActionResult] GetRoles() on controller LibraryApp.Controllers.Ui.AccountController (LibraryApp).
2024-08-04 11:52:01.419 +04:00  INF  Entity Framework Core 6.0.31 initialized 'AppDbContext' using provider 'Microsoft.EntityFrameworkCore.SqlServer:6.0.31' with options: None
2024-08-04 11:52:01.503 +04:00  INF  Executed DbCommand (77ms) [Parameters=[], CommandType='"Text"', CommandTimeout='30']
SELECT [a].[Id], [a].[ConcurrencyStamp], [a].[Name], [a].[NormalizedName]
FROM [AspNetRoles] AS [a]
2024-08-04 11:52:01.522 +04:00  INF  Executing OkObjectResult, writing value of type 'System.Collections.Generic.List`1[[Service.DTOs.Account.RoleDto, Service, Version=1.0.0.0, Culture=neutral, PublicKeyToken=null]]'.
2024-08-04 11:52:01.524 +04:00  INF  Executed action LibraryApp.Controllers.Ui.AccountController.GetRoles (LibraryApp) in 153.2811ms
2024-08-04 11:52:01.524 +04:00  INF  Executed endpoint 'LibraryApp.Controllers.Ui.AccountController.GetRoles (LibraryApp)'
2024-08-04 11:52:01.525 +04:00  INF  Request finished HTTP/2 GET https://localhost:7136/api/Account/GetRoles - - - 200 - application/json;+charset=utf-8 159.9014ms
2024-08-04 12:08:45.120 +04:00  INF  User profile is available. Using 'C:\Users\ASUS\AppData\Local\ASP.NET\DataProtection-Keys' as key repository and Windows DPAPI to encrypt keys at rest.
2024-08-04 12:08:45.288 +04:00  INF  Now listening on: https://localhost:7136
2024-08-04 12:08:45.288 +04:00  INF  Now listening on: http://localhost:5116
2024-08-04 12:08:45.291 +04:00  INF  Application started. Press Ctrl+C to shut down.
2024-08-04 12:08:45.292 +04:00  INF  Hosting environment: Development
2024-08-04 12:08:45.292 +04:00  INF  Content root path: C:\Users\ASUS\OneDrive\Рабочий стол\API\LibraryApp\LibraryApp\
2024-08-04 12:08:45.551 +04:00  INF  Request starting HTTP/2 GET https://localhost:7136/swagger/index.html - -
2024-08-04 12:08:45.770 +04:00  INF  Request finished HTTP/2 GET https://localhost:7136/swagger/index.html - - - 200 - text/html;charset=utf-8 222.4759ms
2024-08-04 12:08:45.783 +04:00  INF  Request starting HTTP/2 GET https://localhost:7136/_framework/aspnetcore-browser-refresh.js - -
2024-08-04 12:08:45.785 +04:00  INF  Request finished HTTP/2 GET https://localhost:7136/_framework/aspnetcore-browser-refresh.js - - - 200 11990 application/javascript;+charset=utf-8 1.8149ms
2024-08-04 12:08:45.899 +04:00  INF  Request starting HTTP/2 GET https://localhost:7136/_vs/browserLink - -
2024-08-04 12:08:45.933 +04:00  INF  Request finished HTTP/2 GET https://localhost:7136/_vs/browserLink - - - 200 - text/javascript;+charset=UTF-8 33.8068ms
2024-08-04 12:08:46.010 +04:00  INF  Request starting HTTP/2 GET https://localhost:7136/swagger/v1/swagger.json - -
2024-08-04 12:08:46.122 +04:00  INF  Request finished HTTP/2 GET https://localhost:7136/swagger/v1/swagger.json - - - 200 - application/json;charset=utf-8 111.3412ms
2024-08-04 12:08:55.139 +04:00  INF  Request starting HTTP/2 GET https://localhost:7136/api/Account/GetUsers - -
2024-08-04 12:08:55.173 +04:00  INF  Executing endpoint 'LibraryApp.Controllers.Ui.AccountController.GetUsers (LibraryApp)'
2024-08-04 12:08:55.194 +04:00  INF  Route matched with {action = "GetUsers", controller = "Account"}. Executing controller action with signature System.Threading.Tasks.Task`1[Microsoft.AspNetCore.Mvc.IActionResult] GetUsers() on controller LibraryApp.Controllers.Ui.AccountController (LibraryApp).
2024-08-04 12:08:56.439 +04:00  INF  Entity Framework Core 6.0.31 initialized 'AppDbContext' using provider 'Microsoft.EntityFrameworkCore.SqlServer:6.0.31' with options: None
2024-08-04 12:08:57.143 +04:00  INF  Executed DbCommand (45ms) [Parameters=[], CommandType='"Text"', CommandTimeout='30']
SELECT [a].[Id], [a].[AccessFailedCount], [a].[ConcurrencyStamp], [a].[Email], [a].[EmailConfirmed], [a].[FullName], [a].[LockoutEnabled], [a].[LockoutEnd], [a].[NormalizedEmail], [a].[NormalizedUserName], [a].[PasswordHash], [a].[PhoneNumber], [a].[PhoneNumberConfirmed], [a].[SecurityStamp], [a].[TwoFactorEnabled], [a].[UserName]
FROM [AspNetUsers] AS [a]
2024-08-04 12:08:57.291 +04:00  INF  Executing OkObjectResult, writing value of type 'System.Collections.Generic.List`1[[Service.DTOs.Account.UserDto, Service, Version=1.0.0.0, Culture=neutral, PublicKeyToken=null]]'.
2024-08-04 12:08:57.302 +04:00  INF  Executed action LibraryApp.Controllers.Ui.AccountController.GetUsers (LibraryApp) in 2101.3483ms
2024-08-04 12:08:57.303 +04:00  INF  Executed endpoint 'LibraryApp.Controllers.Ui.AccountController.GetUsers (LibraryApp)'
2024-08-04 12:08:57.308 +04:00  INF  Request finished HTTP/2 GET https://localhost:7136/api/Account/GetUsers - - - 200 - application/json;+charset=utf-8 2169.9608ms
